{
    "/Users/fkm/GitHub/chase-offer-adder/popup.js": {
        "path": "/Users/fkm/GitHub/chase-offer-adder/popup.js",
        "statementMap": {
            "0": { "start": { "line": 1, "column": 18 }, "end": { "line": 1, "column": 60 } },
            "1": { "start": { "line": 2, "column": 18 }, "end": { "line": 2, "column": 51 } },
            "2": { "start": { "line": 5, "column": 20 }, "end": { "line": 5, "column": 52 } },
            "3": { "start": { "line": 6, "column": 0 }, "end": { "line": 6, "column": 31 } },
            "4": { "start": { "line": 7, "column": 0 }, "end": { "line": 7, "column": 34 } },
            "5": { "start": { "line": 8, "column": 0 }, "end": { "line": 8, "column": 38 } },
            "6": { "start": { "line": 9, "column": 0 }, "end": { "line": 9, "column": 35 } },
            "7": { "start": { "line": 10, "column": 0 }, "end": { "line": 10, "column": 70 } },
            "8": { "start": { "line": 12, "column": 15 }, "end": { "line": 12, "column": 20 } },
            "9": { "start": { "line": 16, "column": 0 }, "end": { "line": 58, "column": 3 } },
            "10": { "start": { "line": 17, "column": 4 }, "end": { "line": 17, "column": 52 } },
            "11": { "start": { "line": 20, "column": 4 }, "end": { "line": 53, "column": 5 } },
            "12": { "start": { "line": 21, "column": 8 }, "end": { "line": 21, "column": 48 } },
            "13": { "start": { "line": 22, "column": 8 }, "end": { "line": 22, "column": 42 } },
            "14": { "start": { "line": 24, "column": 8 }, "end": { "line": 24, "column": 43 } },
            "15": { "start": { "line": 25, "column": 11 }, "end": { "line": 53, "column": 5 } },
            "16": { "start": { "line": 26, "column": 8 }, "end": { "line": 26, "column": 66 } },
            "17": { "start": { "line": 27, "column": 8 }, "end": { "line": 27, "column": 42 } },
            "18": { "start": { "line": 28, "column": 11 }, "end": { "line": 53, "column": 5 } },
            "19": { "start": { "line": 29, "column": 8 }, "end": { "line": 29, "column": 59 } },
            "20": { "start": { "line": 30, "column": 8 }, "end": { "line": 30, "column": 42 } },
            "21": { "start": { "line": 32, "column": 8 }, "end": { "line": 32, "column": 51 } },
            "22": { "start": { "line": 33, "column": 11 }, "end": { "line": 53, "column": 5 } },
            "23": { "start": { "line": 34, "column": 8 }, "end": { "line": 34, "column": 49 } },
            "24": { "start": { "line": 35, "column": 8 }, "end": { "line": 35, "column": 42 } },
            "25": { "start": { "line": 36, "column": 8 }, "end": { "line": 36, "column": 43 } },
            "26": { "start": { "line": 37, "column": 11 }, "end": { "line": 53, "column": 5 } },
            "27": { "start": { "line": 38, "column": 8 }, "end": { "line": 38, "column": 59 } },
            "28": { "start": { "line": 39, "column": 8 }, "end": { "line": 39, "column": 42 } },
            "29": { "start": { "line": 40, "column": 8 }, "end": { "line": 40, "column": 42 } },
            "30": { "start": { "line": 41, "column": 11 }, "end": { "line": 53, "column": 5 } },
            "31": { "start": { "line": 42, "column": 8 }, "end": { "line": 42, "column": 61 } },
            "32": { "start": { "line": 43, "column": 8 }, "end": { "line": 43, "column": 42 } },
            "33": { "start": { "line": 44, "column": 11 }, "end": { "line": 53, "column": 5 } },
            "34": { "start": { "line": 45, "column": 8 }, "end": { "line": 45, "column": 61 } },
            "35": { "start": { "line": 46, "column": 8 }, "end": { "line": 46, "column": 42 } },
            "36": { "start": { "line": 47, "column": 11 }, "end": { "line": 53, "column": 5 } },
            "37": { "start": { "line": 48, "column": 8 }, "end": { "line": 48, "column": 61 } },
            "38": { "start": { "line": 49, "column": 8 }, "end": { "line": 49, "column": 42 } },
            "39": { "start": { "line": 50, "column": 11 }, "end": { "line": 53, "column": 5 } },
            "40": { "start": { "line": 51, "column": 8 }, "end": { "line": 51, "column": 61 } },
            "41": { "start": { "line": 52, "column": 8 }, "end": { "line": 52, "column": 42 } },
            "42": { "start": { "line": 57, "column": 4 }, "end": { "line": 57, "column": 17 } },
            "43": { "start": { "line": 61, "column": 0 }, "end": { "line": 72, "column": 3 } },
            "44": { "start": { "line": 62, "column": 4 }, "end": { "line": 62, "column": 25 } },
            "45": { "start": { "line": 65, "column": 4 }, "end": { "line": 71, "column": 7 } },
            "46": { "start": { "line": 66, "column": 8 }, "end": { "line": 70, "column": 9 } },
            "47": { "start": { "line": 67, "column": 12 }, "end": { "line": 69, "column": 15 } },
            "48": { "start": { "line": 75, "column": 0 }, "end": { "line": 581, "column": 3 } },
            "49": { "start": { "line": 76, "column": 4 }, "end": { "line": 76, "column": 51 } },
            "50": { "start": { "line": 77, "column": 4 }, "end": { "line": 77, "column": 38 } },
            "51": { "start": { "line": 78, "column": 4 }, "end": { "line": 78, "column": 21 } },
            "52": { "start": { "line": 79, "column": 4 }, "end": { "line": 79, "column": 38 } },
            "53": { "start": { "line": 83, "column": 28 }, "end": { "line": 546, "column": 5 } },
            "54": { "start": { "line": 85, "column": 8 }, "end": { "line": 85, "column": 65 } },
            "55": { "start": { "line": 87, "column": 8 }, "end": { "line": 87, "column": 55 } },
            "56": { "start": { "line": 92, "column": 34 }, "end": { "line": 92, "column": 68 } },
            "57": { "start": { "line": 93, "column": 34 }, "end": { "line": 93, "column": 69 } },
            "58": { "start": { "line": 94, "column": 32 }, "end": { "line": 94, "column": 77 } },
            "59": { "start": { "line": 97, "column": 25 }, "end": { "line": 97, "column": 28 } },
            "60": { "start": { "line": 98, "column": 25 }, "end": { "line": 98, "column": 29 } },
            "61": { "start": { "line": 99, "column": 31 }, "end": { "line": 99, "column": 85 } },
            "62": { "start": { "line": 99, "column": 37 }, "end": { "line": 99, "column": 85 } },
            "63": { "start": { "line": 102, "column": 34 }, "end": { "line": 102, "column": 35 } },
            "64": { "start": { "line": 103, "column": 23 }, "end": { "line": 103, "column": 28 } },
            "65": { "start": { "line": 104, "column": 33 }, "end": { "line": 104, "column": 38 } },
            "66": { "start": { "line": 105, "column": 40 }, "end": { "line": 105, "column": 41 } },
            "67": { "start": { "line": 106, "column": 42 }, "end": { "line": 106, "column": 43 } },
            "68": { "start": { "line": 107, "column": 41 }, "end": { "line": 107, "column": 42 } },
            "69": { "start": { "line": 108, "column": 48 }, "end": { "line": 108, "column": 57 } },
            "70": { "start": { "line": 111, "column": 8 }, "end": { "line": 124, "column": 11 } },
            "71": { "start": { "line": 112, "column": 12 }, "end": { "line": 122, "column": 13 } },
            "72": { "start": { "line": 113, "column": 16 }, "end": { "line": 113, "column": 32 } },
            "73": { "start": { "line": 114, "column": 16 }, "end": { "line": 114, "column": 72 } },
            "74": { "start": { "line": 115, "column": 19 }, "end": { "line": 122, "column": 13 } },
            "75": { "start": { "line": 116, "column": 16 }, "end": { "line": 116, "column": 33 } },
            "76": { "start": { "line": 117, "column": 16 }, "end": { "line": 117, "column": 73 } },
            "77": { "start": { "line": 118, "column": 16 }, "end": { "line": 121, "column": 17 } },
            "78": { "start": { "line": 119, "column": 20 }, "end": { "line": 119, "column": 47 } },
            "79": { "start": { "line": 120, "column": 20 }, "end": { "line": 120, "column": 34 } },
            "80": { "start": { "line": 123, "column": 12 }, "end": { "line": 123, "column": 25 } },
            "81": { "start": { "line": 127, "column": 12 }, "end": { "line": 137, "column": 13 } },
            "82": { "start": { "line": 128, "column": 16 }, "end": { "line": 128, "column": 42 } },
            "83": { "start": { "line": 129, "column": 16 }, "end": { "line": 136, "column": 19 } },
            "84": { "start": { "line": 130, "column": 39 }, "end": { "line": 135, "column": 27 } },
            "85": { "start": { "line": 131, "column": 24 }, "end": { "line": 134, "column": 25 } },
            "86": { "start": { "line": 132, "column": 28 }, "end": { "line": 132, "column": 54 } },
            "87": { "start": { "line": 133, "column": 28 }, "end": { "line": 133, "column": 38 } },
            "88": { "start": { "line": 142, "column": 30 }, "end": { "line": 144, "column": 13 } },
            "89": { "start": { "line": 145, "column": 12 }, "end": { "line": 148, "column": 13 } },
            "90": { "start": { "line": 146, "column": 16 }, "end": { "line": 146, "column": 71 } },
            "91": { "start": { "line": 147, "column": 16 }, "end": { "line": 147, "column": 28 } },
            "92": { "start": { "line": 151, "column": 27 }, "end": { "line": 151, "column": 55 } },
            "93": { "start": { "line": 152, "column": 12 }, "end": { "line": 155, "column": 13 } },
            "94": { "start": { "line": 153, "column": 16 }, "end": { "line": 153, "column": 68 } },
            "95": { "start": { "line": 154, "column": 16 }, "end": { "line": 154, "column": 30 } },
            "96": { "start": { "line": 158, "column": 30 }, "end": { "line": 158, "column": 66 } },
            "97": { "start": { "line": 159, "column": 12 }, "end": { "line": 170, "column": 13 } },
            "98": { "start": { "line": 161, "column": 38 }, "end": { "line": 161, "column": 66 } },
            "99": { "start": { "line": 162, "column": 16 }, "end": { "line": 166, "column": 17 } },
            "100": { "start": { "line": 163, "column": 41 }, "end": { "line": 163, "column": 57 } },
            "101": { "start": { "line": 164, "column": 20 }, "end": { "line": 164, "column": 84 } },
            "102": { "start": { "line": 165, "column": 20 }, "end": { "line": 165, "column": 40 } },
            "103": { "start": { "line": 168, "column": 16 }, "end": { "line": 168, "column": 74 } },
            "104": { "start": { "line": 169, "column": 16 }, "end": { "line": 169, "column": 33 } },
            "105": { "start": { "line": 173, "column": 33 }, "end": { "line": 173, "column": 83 } },
            "106": { "start": { "line": 174, "column": 12 }, "end": { "line": 178, "column": 13 } },
            "107": { "start": { "line": 175, "column": 37 }, "end": { "line": 175, "column": 68 } },
            "108": { "start": { "line": 176, "column": 16 }, "end": { "line": 176, "column": 85 } },
            "109": { "start": { "line": 177, "column": 16 }, "end": { "line": 177, "column": 36 } },
            "110": { "start": { "line": 180, "column": 12 }, "end": { "line": 180, "column": 73 } },
            "111": { "start": { "line": 181, "column": 12 }, "end": { "line": 181, "column": 24 } },
            "112": { "start": { "line": 185, "column": 31 }, "end": { "line": 185, "column": 87 } },
            "113": { "start": { "line": 186, "column": 12 }, "end": { "line": 186, "column": 88 } },
            "114": { "start": { "line": 188, "column": 24 }, "end": { "line": 188, "column": 25 } },
            "115": { "start": { "line": 189, "column": 31 }, "end": { "line": 189, "column": 40 } },
            "116": { "start": { "line": 191, "column": 12 }, "end": { "line": 244, "column": 15 } },
            "117": { "start": { "line": 192, "column": 29 }, "end": { "line": 192, "column": 59 } },
            "118": { "start": { "line": 193, "column": 35 }, "end": { "line": 193, "column": 78 } },
            "119": { "start": { "line": 194, "column": 34 }, "end": { "line": 194, "column": 67 } },
            "120": { "start": { "line": 197, "column": 16 }, "end": { "line": 199, "column": 17 } },
            "121": { "start": { "line": 198, "column": 20 }, "end": { "line": 198, "column": 27 } },
            "122": { "start": { "line": 201, "column": 37 }, "end": { "line": 201, "column": 70 } },
            "123": { "start": { "line": 203, "column": 20 }, "end": { "line": 205, "column": 76 } },
            "124": { "start": { "line": 207, "column": 16 }, "end": { "line": 209, "column": 17 } },
            "125": { "start": { "line": 208, "column": 20 }, "end": { "line": 208, "column": 27 } },
            "126": { "start": { "line": 212, "column": 34 }, "end": { "line": 214, "column": 17 } },
            "127": { "start": { "line": 216, "column": 35 }, "end": { "line": 216, "column": 40 } },
            "128": { "start": { "line": 217, "column": 16 }, "end": { "line": 223, "column": 17 } },
            "129": { "start": { "line": 218, "column": 41 }, "end": { "line": 218, "column": 83 } },
            "130": { "start": { "line": 219, "column": 44 }, "end": { "line": 221, "column": 21 } },
            "131": { "start": { "line": 222, "column": 20 }, "end": { "line": 222, "column": 67 } },
            "132": { "start": { "line": 225, "column": 16 }, "end": { "line": 227, "column": 17 } },
            "133": { "start": { "line": 226, "column": 20 }, "end": { "line": 226, "column": 27 } },
            "134": { "start": { "line": 230, "column": 32 }, "end": { "line": 230, "column": 58 } },
            "135": { "start": { "line": 231, "column": 41 }, "end": { "line": 231, "column": 96 } },
            "136": { "start": { "line": 233, "column": 16 }, "end": { "line": 235, "column": 17 } },
            "137": { "start": { "line": 234, "column": 20 }, "end": { "line": 234, "column": 27 } },
            "138": { "start": { "line": 238, "column": 39 }, "end": { "line": 238, "column": 73 } },
            "139": { "start": { "line": 240, "column": 16 }, "end": { "line": 243, "column": 17 } },
            "140": { "start": { "line": 241, "column": 20 }, "end": { "line": 241, "column": 57 } },
            "141": { "start": { "line": 241, "column": 33 }, "end": { "line": 241, "column": 57 } },
            "142": { "start": { "line": 242, "column": 20 }, "end": { "line": 242, "column": 28 } },
            "143": { "start": { "line": 246, "column": 12 }, "end": { "line": 246, "column": 69 } },
            "144": { "start": { "line": 247, "column": 12 }, "end": { "line": 247, "column": 25 } },
            "145": { "start": { "line": 251, "column": 12 }, "end": { "line": 254, "column": 13 } },
            "146": { "start": { "line": 252, "column": 16 }, "end": { "line": 252, "column": 42 } },
            "147": { "start": { "line": 253, "column": 16 }, "end": { "line": 253, "column": 29 } },
            "148": { "start": { "line": 256, "column": 27 }, "end": { "line": 256, "column": 66 } },
            "149": { "start": { "line": 257, "column": 12 }, "end": { "line": 257, "column": 38 } },
            "150": { "start": { "line": 257, "column": 25 }, "end": { "line": 257, "column": 38 } },
            "151": { "start": { "line": 259, "column": 28 }, "end": { "line": 259, "column": 72 } },
            "152": { "start": { "line": 260, "column": 12 }, "end": { "line": 260, "column": 34 } },
            "153": { "start": { "line": 262, "column": 12 }, "end": { "line": 268, "column": 13 } },
            "154": { "start": { "line": 263, "column": 16 }, "end": { "line": 266, "column": 19 } },
            "155": { "start": { "line": 267, "column": 16 }, "end": { "line": 267, "column": 29 } },
            "156": { "start": { "line": 271, "column": 12 }, "end": { "line": 271, "column": 27 } },
            "157": { "start": { "line": 274, "column": 12 }, "end": { "line": 308, "column": 20 } },
            "158": { "start": { "line": 275, "column": 16 }, "end": { "line": 277, "column": 17 } },
            "159": { "start": { "line": 276, "column": 20 }, "end": { "line": 276, "column": 42 } },
            "160": { "start": { "line": 279, "column": 31 }, "end": { "line": 279, "column": 59 } },
            "161": { "start": { "line": 280, "column": 16 }, "end": { "line": 307, "column": 17 } },
            "162": { "start": { "line": 281, "column": 20 }, "end": { "line": 281, "column": 35 } },
            "163": { "start": { "line": 284, "column": 20 }, "end": { "line": 284, "column": 68 } },
            "164": { "start": { "line": 287, "column": 20 }, "end": { "line": 306, "column": 29 } },
            "165": { "start": { "line": 289, "column": 24 }, "end": { "line": 289, "column": 64 } },
            "166": { "start": { "line": 290, "column": 24 }, "end": { "line": 290, "column": 80 } },
            "167": { "start": { "line": 293, "column": 24 }, "end": { "line": 293, "column": 76 } },
            "168": { "start": { "line": 294, "column": 24 }, "end": { "line": 294, "column": 56 } },
            "169": { "start": { "line": 296, "column": 24 }, "end": { "line": 299, "column": 27 } },
            "170": { "start": { "line": 301, "column": 24 }, "end": { "line": 305, "column": 25 } },
            "171": { "start": { "line": 302, "column": 28 }, "end": { "line": 302, "column": 42 } },
            "172": { "start": { "line": 304, "column": 28 }, "end": { "line": 304, "column": 54 } },
            "173": { "start": { "line": 310, "column": 12 }, "end": { "line": 310, "column": 24 } },
            "174": { "start": { "line": 313, "column": 23 }, "end": { "line": 327, "column": 9 } },
            "175": { "start": { "line": 314, "column": 12 }, "end": { "line": 316, "column": 13 } },
            "176": { "start": { "line": 315, "column": 16 }, "end": { "line": 315, "column": 38 } },
            "177": { "start": { "line": 318, "column": 12 }, "end": { "line": 318, "column": 74 } },
            "178": { "start": { "line": 319, "column": 12 }, "end": { "line": 319, "column": 34 } },
            "179": { "start": { "line": 320, "column": 12 }, "end": { "line": 326, "column": 33 } },
            "180": { "start": { "line": 321, "column": 16 }, "end": { "line": 325, "column": 17 } },
            "181": { "start": { "line": 322, "column": 20 }, "end": { "line": 322, "column": 34 } },
            "182": { "start": { "line": 324, "column": 20 }, "end": { "line": 324, "column": 46 } },
            "183": { "start": { "line": 329, "column": 25 }, "end": { "line": 329, "column": 26 } },
            "184": { "start": { "line": 330, "column": 27 }, "end": { "line": 330, "column": 28 } },
            "185": { "start": { "line": 331, "column": 27 }, "end": { "line": 331, "column": 31 } },
            "186": { "start": { "line": 333, "column": 28 }, "end": { "line": 524, "column": 9 } },
            "187": { "start": { "line": 334, "column": 12 }, "end": { "line": 336, "column": 13 } },
            "188": { "start": { "line": 335, "column": 16 }, "end": { "line": 335, "column": 38 } },
            "189": { "start": { "line": 338, "column": 12 }, "end": { "line": 338, "column": 90 } },
            "190": { "start": { "line": 341, "column": 31 }, "end": { "line": 341, "column": 87 } },
            "191": { "start": { "line": 342, "column": 12 }, "end": { "line": 342, "column": 93 } },
            "192": { "start": { "line": 345, "column": 36 }, "end": { "line": 347, "column": 13 } },
            "193": { "start": { "line": 346, "column": 16 }, "end": { "line": 346, "column": 56 } },
            "194": { "start": { "line": 348, "column": 32 }, "end": { "line": 350, "column": 13 } },
            "195": { "start": { "line": 349, "column": 16 }, "end": { "line": 349, "column": 67 } },
            "196": { "start": { "line": 351, "column": 12 }, "end": { "line": 353, "column": 14 } },
            "197": { "start": { "line": 355, "column": 34 }, "end": { "line": 407, "column": 14 } },
            "198": { "start": { "line": 356, "column": 29 }, "end": { "line": 356, "column": 59 } },
            "199": { "start": { "line": 359, "column": 35 }, "end": { "line": 359, "column": 78 } },
            "200": { "start": { "line": 360, "column": 34 }, "end": { "line": 360, "column": 67 } },
            "201": { "start": { "line": 364, "column": 16 }, "end": { "line": 366, "column": 17 } },
            "202": { "start": { "line": 365, "column": 20 }, "end": { "line": 365, "column": 33 } },
            "203": { "start": { "line": 368, "column": 37 }, "end": { "line": 368, "column": 70 } },
            "204": { "start": { "line": 370, "column": 20 }, "end": { "line": 372, "column": 76 } },
            "205": { "start": { "line": 374, "column": 16 }, "end": { "line": 376, "column": 17 } },
            "206": { "start": { "line": 375, "column": 20 }, "end": { "line": 375, "column": 33 } },
            "207": { "start": { "line": 380, "column": 34 }, "end": { "line": 382, "column": 17 } },
            "208": { "start": { "line": 384, "column": 16 }, "end": { "line": 397, "column": 17 } },
            "209": { "start": { "line": 385, "column": 41 }, "end": { "line": 385, "column": 83 } },
            "210": { "start": { "line": 386, "column": 44 }, "end": { "line": 388, "column": 21 } },
            "211": { "start": { "line": 391, "column": 20 }, "end": { "line": 396, "column": 21 } },
            "212": { "start": { "line": 392, "column": 24 }, "end": { "line": 394, "column": 26 } },
            "213": { "start": { "line": 395, "column": 24 }, "end": { "line": 395, "column": 37 } },
            "214": { "start": { "line": 400, "column": 32 }, "end": { "line": 400, "column": 58 } },
            "215": { "start": { "line": 401, "column": 16 }, "end": { "line": 404, "column": 17 } },
            "216": { "start": { "line": 402, "column": 20 }, "end": { "line": 402, "column": 70 } },
            "217": { "start": { "line": 403, "column": 20 }, "end": { "line": 403, "column": 33 } },
            "218": { "start": { "line": 406, "column": 16 }, "end": { "line": 406, "column": 28 } },
            "219": { "start": { "line": 409, "column": 12 }, "end": { "line": 454, "column": 13 } },
            "220": { "start": { "line": 410, "column": 16 }, "end": { "line": 410, "column": 74 } },
            "221": { "start": { "line": 414, "column": 20 }, "end": { "line": 416, "column": 69 } },
            "222": { "start": { "line": 418, "column": 16 }, "end": { "line": 421, "column": 17 } },
            "223": { "start": { "line": 419, "column": 20 }, "end": { "line": 419, "column": 88 } },
            "224": { "start": { "line": 420, "column": 20 }, "end": { "line": 420, "column": 35 } },
            "225": { "start": { "line": 424, "column": 16 }, "end": { "line": 437, "column": 17 } },
            "226": { "start": { "line": 425, "column": 20 }, "end": { "line": 425, "column": 33 } },
            "227": { "start": { "line": 426, "column": 20 }, "end": { "line": 428, "column": 22 } },
            "228": { "start": { "line": 429, "column": 20 }, "end": { "line": 435, "column": 35 } },
            "229": { "start": { "line": 430, "column": 24 }, "end": { "line": 434, "column": 25 } },
            "230": { "start": { "line": 431, "column": 28 }, "end": { "line": 431, "column": 42 } },
            "231": { "start": { "line": 433, "column": 28 }, "end": { "line": 433, "column": 54 } },
            "232": { "start": { "line": 436, "column": 20 }, "end": { "line": 436, "column": 27 } },
            "233": { "start": { "line": 440, "column": 16 }, "end": { "line": 440, "column": 31 } },
            "234": { "start": { "line": 441, "column": 16 }, "end": { "line": 441, "column": 82 } },
            "235": { "start": { "line": 444, "column": 16 }, "end": { "line": 447, "column": 17 } },
            "236": { "start": { "line": 445, "column": 20 }, "end": { "line": 445, "column": 75 } },
            "237": { "start": { "line": 446, "column": 20 }, "end": { "line": 446, "column": 27 } },
            "238": { "start": { "line": 449, "column": 16 }, "end": { "line": 452, "column": 19 } },
            "239": { "start": { "line": 453, "column": 16 }, "end": { "line": 453, "column": 23 } },
            "240": { "start": { "line": 457, "column": 12 }, "end": { "line": 457, "column": 27 } },
            "241": { "start": { "line": 459, "column": 12 }, "end": { "line": 523, "column": 13 } },
            "242": { "start": { "line": 461, "column": 29 }, "end": { "line": 461, "column": 66 } },
            "243": { "start": { "line": 463, "column": 20 }, "end": { "line": 466, "column": 51 } },
            "244": { "start": { "line": 468, "column": 16 }, "end": { "line": 473, "column": 17 } },
            "245": { "start": { "line": 469, "column": 20 }, "end": { "line": 469, "column": 62 } },
            "246": { "start": { "line": 470, "column": 20 }, "end": { "line": 470, "column": 90 } },
            "247": { "start": { "line": 472, "column": 20 }, "end": { "line": 472, "column": 75 } },
            "248": { "start": { "line": 472, "column": 49 }, "end": { "line": 472, "column": 73 } },
            "249": { "start": { "line": 476, "column": 35 }, "end": { "line": 476, "column": 85 } },
            "250": { "start": { "line": 477, "column": 31 }, "end": { "line": 477, "column": 92 } },
            "251": { "start": { "line": 478, "column": 32 }, "end": { "line": 482, "column": 35 } },
            "252": { "start": { "line": 485, "column": 32 }, "end": { "line": 485, "column": 65 } },
            "253": { "start": { "line": 486, "column": 16 }, "end": { "line": 489, "column": 17 } },
            "254": { "start": { "line": 487, "column": 20 }, "end": { "line": 487, "column": 65 } },
            "255": { "start": { "line": 488, "column": 20 }, "end": { "line": 488, "column": 71 } },
            "256": { "start": { "line": 491, "column": 37 }, "end": { "line": 491, "column": 77 } },
            "257": { "start": { "line": 492, "column": 16 }, "end": { "line": 498, "column": 17 } },
            "258": { "start": { "line": 493, "column": 20 }, "end": { "line": 493, "column": 74 } },
            "259": { "start": { "line": 494, "column": 20 }, "end": { "line": 494, "column": 41 } },
            "260": { "start": { "line": 496, "column": 20 }, "end": { "line": 496, "column": 81 } },
            "261": { "start": { "line": 497, "column": 20 }, "end": { "line": 497, "column": 42 } },
            "262": { "start": { "line": 501, "column": 16 }, "end": { "line": 501, "column": 46 } },
            "263": { "start": { "line": 502, "column": 16 }, "end": { "line": 502, "column": 45 } },
            "264": { "start": { "line": 505, "column": 16 }, "end": { "line": 508, "column": 19 } },
            "265": { "start": { "line": 510, "column": 16 }, "end": { "line": 516, "column": 37 } },
            "266": { "start": { "line": 511, "column": 20 }, "end": { "line": 515, "column": 21 } },
            "267": { "start": { "line": 512, "column": 24 }, "end": { "line": 512, "column": 39 } },
            "268": { "start": { "line": 514, "column": 24 }, "end": { "line": 514, "column": 50 } },
            "269": { "start": { "line": 518, "column": 16 }, "end": { "line": 518, "column": 60 } },
            "270": { "start": { "line": 519, "column": 16 }, "end": { "line": 522, "column": 19 } },
            "271": { "start": { "line": 527, "column": 8 }, "end": { "line": 527, "column": 61 } },
            "272": { "start": { "line": 530, "column": 8 }, "end": { "line": 530, "column": 56 } },
            "273": { "start": { "line": 533, "column": 8 }, "end": { "line": 545, "column": 17 } },
            "274": { "start": { "line": 535, "column": 12 }, "end": { "line": 535, "column": 64 } },
            "275": { "start": { "line": 536, "column": 12 }, "end": { "line": 536, "column": 44 } },
            "276": { "start": { "line": 538, "column": 12 }, "end": { "line": 541, "column": 15 } },
            "277": { "start": { "line": 543, "column": 12 }, "end": { "line": 543, "column": 96 } },
            "278": { "start": { "line": 544, "column": 12 }, "end": { "line": 544, "column": 26 } },
            "279": { "start": { "line": 550, "column": 4 }, "end": { "line": 580, "column": 7 } },
            "280": { "start": { "line": 551, "column": 8 }, "end": { "line": 579, "column": 9 } },
            "281": { "start": { "line": 552, "column": 32 }, "end": { "line": 552, "column": 42 } },
            "282": { "start": { "line": 553, "column": 12 }, "end": { "line": 553, "column": 87 } },
            "283": { "start": { "line": 554, "column": 12 }, "end": { "line": 554, "column": 57 } },
            "284": { "start": { "line": 555, "column": 12 }, "end": { "line": 555, "column": 46 } },
            "285": { "start": { "line": 558, "column": 12 }, "end": { "line": 573, "column": 19 } },
            "286": { "start": { "line": 564, "column": 20 }, "end": { "line": 564, "column": 72 } },
            "287": { "start": { "line": 569, "column": 20 }, "end": { "line": 569, "column": 89 } },
            "288": { "start": { "line": 570, "column": 20 }, "end": { "line": 570, "column": 78 } },
            "289": { "start": { "line": 571, "column": 20 }, "end": { "line": 571, "column": 54 } },
            "290": { "start": { "line": 572, "column": 20 }, "end": { "line": 572, "column": 55 } },
            "291": { "start": { "line": 575, "column": 12 }, "end": { "line": 575, "column": 70 } },
            "292": { "start": { "line": 576, "column": 12 }, "end": { "line": 576, "column": 66 } },
            "293": { "start": { "line": 577, "column": 12 }, "end": { "line": 577, "column": 46 } },
            "294": { "start": { "line": 578, "column": 12 }, "end": { "line": 578, "column": 47 } },
            "295": { "start": { "line": 584, "column": 0 }, "end": { "line": 584, "column": 40 } },
            "296": { "start": { "line": 585, "column": 0 }, "end": { "line": 585, "column": 34 } }
        },
        "fnMap": {
            "0": {
                "name": "(anonymous_0)",
                "decl": {
                    "start": { "line": 16, "column": 37 },
                    "end": { "line": 16, "column": 38 }
                },
                "loc": {
                    "start": { "line": 16, "column": 74 },
                    "end": { "line": 58, "column": 1 }
                },
                "line": 16
            },
            "1": {
                "name": "(anonymous_1)",
                "decl": {
                    "start": { "line": 61, "column": 38 },
                    "end": { "line": 61, "column": 39 }
                },
                "loc": {
                    "start": { "line": 61, "column": 44 },
                    "end": { "line": 72, "column": 1 }
                },
                "line": 61
            },
            "2": {
                "name": "(anonymous_2)",
                "decl": {
                    "start": { "line": 65, "column": 61 },
                    "end": { "line": 65, "column": 62 }
                },
                "loc": {
                    "start": { "line": 65, "column": 69 },
                    "end": { "line": 71, "column": 5 }
                },
                "line": 65
            },
            "3": {
                "name": "(anonymous_3)",
                "decl": {
                    "start": { "line": 75, "column": 36 },
                    "end": { "line": 75, "column": 37 }
                },
                "loc": {
                    "start": { "line": 75, "column": 42 },
                    "end": { "line": 581, "column": 1 }
                },
                "line": 75
            },
            "4": {
                "name": "(anonymous_4)",
                "decl": {
                    "start": { "line": 83, "column": 28 },
                    "end": { "line": 83, "column": 29 }
                },
                "loc": {
                    "start": { "line": 83, "column": 34 },
                    "end": { "line": 546, "column": 5 }
                },
                "line": 83
            },
            "5": {
                "name": "(anonymous_5)",
                "decl": {
                    "start": { "line": 99, "column": 31 },
                    "end": { "line": 99, "column": 32 }
                },
                "loc": {
                    "start": { "line": 99, "column": 37 },
                    "end": { "line": 99, "column": 85 }
                },
                "line": 99
            },
            "6": {
                "name": "(anonymous_6)",
                "decl": {
                    "start": { "line": 111, "column": 45 },
                    "end": { "line": 111, "column": 46 }
                },
                "loc": {
                    "start": { "line": 111, "column": 82 },
                    "end": { "line": 124, "column": 9 }
                },
                "line": 111
            },
            "7": {
                "name": "waitForResume",
                "decl": {
                    "start": { "line": 126, "column": 23 },
                    "end": { "line": 126, "column": 36 }
                },
                "loc": {
                    "start": { "line": 126, "column": 39 },
                    "end": { "line": 138, "column": 9 }
                },
                "line": 126
            },
            "8": {
                "name": "(anonymous_8)",
                "decl": {
                    "start": { "line": 129, "column": 35 },
                    "end": { "line": 129, "column": 36 }
                },
                "loc": {
                    "start": { "line": 129, "column": 46 },
                    "end": { "line": 136, "column": 17 }
                },
                "line": 129
            },
            "9": {
                "name": "(anonymous_9)",
                "decl": {
                    "start": { "line": 130, "column": 51 },
                    "end": { "line": 130, "column": 52 }
                },
                "loc": {
                    "start": { "line": 130, "column": 57 },
                    "end": { "line": 135, "column": 21 }
                },
                "line": 130
            },
            "10": {
                "name": "getOfferIdentifier",
                "decl": {
                    "start": { "line": 140, "column": 17 },
                    "end": { "line": 140, "column": 35 }
                },
                "loc": {
                    "start": { "line": 140, "column": 44 },
                    "end": { "line": 182, "column": 9 }
                },
                "line": 140
            },
            "11": {
                "name": "countClickableButtons",
                "decl": {
                    "start": { "line": 184, "column": 17 },
                    "end": { "line": 184, "column": 38 }
                },
                "loc": {
                    "start": { "line": 184, "column": 41 },
                    "end": { "line": 248, "column": 9 }
                },
                "line": 184
            },
            "12": {
                "name": "(anonymous_12)",
                "decl": {
                    "start": { "line": 191, "column": 31 },
                    "end": { "line": 191, "column": 32 }
                },
                "loc": {
                    "start": { "line": 191, "column": 41 },
                    "end": { "line": 244, "column": 13 }
                },
                "line": 191
            },
            "13": {
                "name": "switchToNextAccount",
                "decl": {
                    "start": { "line": 250, "column": 17 },
                    "end": { "line": 250, "column": 36 }
                },
                "loc": {
                    "start": { "line": 250, "column": 39 },
                    "end": { "line": 311, "column": 9 }
                },
                "line": 250
            },
            "14": {
                "name": "(anonymous_14)",
                "decl": {
                    "start": { "line": 274, "column": 23 },
                    "end": { "line": 274, "column": 24 }
                },
                "loc": {
                    "start": { "line": 274, "column": 35 },
                    "end": { "line": 308, "column": 13 }
                },
                "line": 274
            },
            "15": {
                "name": "(anonymous_15)",
                "decl": {
                    "start": { "line": 287, "column": 31 },
                    "end": { "line": 287, "column": 32 }
                },
                "loc": {
                    "start": { "line": 287, "column": 37 },
                    "end": { "line": 306, "column": 21 }
                },
                "line": 287
            },
            "16": {
                "name": "(anonymous_16)",
                "decl": {
                    "start": { "line": 313, "column": 23 },
                    "end": { "line": 313, "column": 24 }
                },
                "loc": {
                    "start": { "line": 313, "column": 35 },
                    "end": { "line": 327, "column": 9 }
                },
                "line": 313
            },
            "17": {
                "name": "(anonymous_17)",
                "decl": {
                    "start": { "line": 320, "column": 23 },
                    "end": { "line": 320, "column": 24 }
                },
                "loc": {
                    "start": { "line": 320, "column": 29 },
                    "end": { "line": 326, "column": 13 }
                },
                "line": 320
            },
            "18": {
                "name": "(anonymous_18)",
                "decl": {
                    "start": { "line": 333, "column": 28 },
                    "end": { "line": 333, "column": 29 }
                },
                "loc": {
                    "start": { "line": 333, "column": 40 },
                    "end": { "line": 524, "column": 9 }
                },
                "line": 333
            },
            "19": {
                "name": "(anonymous_19)",
                "decl": {
                    "start": { "line": 345, "column": 54 },
                    "end": { "line": 345, "column": 55 }
                },
                "loc": {
                    "start": { "line": 346, "column": 16 },
                    "end": { "line": 346, "column": 56 }
                },
                "line": 346
            },
            "20": {
                "name": "(anonymous_20)",
                "decl": {
                    "start": { "line": 348, "column": 50 },
                    "end": { "line": 348, "column": 51 }
                },
                "loc": {
                    "start": { "line": 349, "column": 16 },
                    "end": { "line": 349, "column": 67 }
                },
                "line": 349
            },
            "21": {
                "name": "(anonymous_21)",
                "decl": {
                    "start": { "line": 355, "column": 50 },
                    "end": { "line": 355, "column": 51 }
                },
                "loc": {
                    "start": { "line": 355, "column": 60 },
                    "end": { "line": 407, "column": 13 }
                },
                "line": 355
            },
            "22": {
                "name": "(anonymous_22)",
                "decl": {
                    "start": { "line": 429, "column": 31 },
                    "end": { "line": 429, "column": 32 }
                },
                "loc": {
                    "start": { "line": 429, "column": 37 },
                    "end": { "line": 435, "column": 21 }
                },
                "line": 429
            },
            "23": {
                "name": "(anonymous_23)",
                "decl": {
                    "start": { "line": 472, "column": 38 },
                    "end": { "line": 472, "column": 39 }
                },
                "loc": {
                    "start": { "line": 472, "column": 49 },
                    "end": { "line": 472, "column": 73 }
                },
                "line": 472
            },
            "24": {
                "name": "(anonymous_24)",
                "decl": {
                    "start": { "line": 510, "column": 27 },
                    "end": { "line": 510, "column": 28 }
                },
                "loc": {
                    "start": { "line": 510, "column": 39 },
                    "end": { "line": 516, "column": 17 }
                },
                "line": 510
            },
            "25": {
                "name": "(anonymous_25)",
                "decl": {
                    "start": { "line": 533, "column": 19 },
                    "end": { "line": 533, "column": 20 }
                },
                "loc": {
                    "start": { "line": 533, "column": 25 },
                    "end": { "line": 545, "column": 9 }
                },
                "line": 533
            },
            "26": {
                "name": "(anonymous_26)",
                "decl": {
                    "start": { "line": 550, "column": 61 },
                    "end": { "line": 550, "column": 62 }
                },
                "loc": {
                    "start": { "line": 550, "column": 69 },
                    "end": { "line": 580, "column": 5 }
                },
                "line": 550
            },
            "27": {
                "name": "(anonymous_27)",
                "decl": {
                    "start": { "line": 563, "column": 22 },
                    "end": { "line": 563, "column": 23 }
                },
                "loc": {
                    "start": { "line": 563, "column": 28 },
                    "end": { "line": 567, "column": 17 }
                },
                "line": 563
            },
            "28": {
                "name": "(anonymous_28)",
                "decl": {
                    "start": { "line": 568, "column": 23 },
                    "end": { "line": 568, "column": 24 }
                },
                "loc": {
                    "start": { "line": 568, "column": 30 },
                    "end": { "line": 573, "column": 17 }
                },
                "line": 568
            }
        },
        "branchMap": {
            "0": {
                "loc": { "start": { "line": 20, "column": 4 }, "end": { "line": 53, "column": 5 } },
                "type": "if",
                "locations": [
                    { "start": { "line": 20, "column": 4 }, "end": { "line": 53, "column": 5 } },
                    { "start": { "line": 25, "column": 11 }, "end": { "line": 53, "column": 5 } }
                ],
                "line": 20
            },
            "1": {
                "loc": {
                    "start": { "line": 25, "column": 11 },
                    "end": { "line": 53, "column": 5 }
                },
                "type": "if",
                "locations": [
                    { "start": { "line": 25, "column": 11 }, "end": { "line": 53, "column": 5 } },
                    { "start": { "line": 28, "column": 11 }, "end": { "line": 53, "column": 5 } }
                ],
                "line": 25
            },
            "2": {
                "loc": {
                    "start": { "line": 28, "column": 11 },
                    "end": { "line": 53, "column": 5 }
                },
                "type": "if",
                "locations": [
                    { "start": { "line": 28, "column": 11 }, "end": { "line": 53, "column": 5 } },
                    { "start": { "line": 33, "column": 11 }, "end": { "line": 53, "column": 5 } }
                ],
                "line": 28
            },
            "3": {
                "loc": {
                    "start": { "line": 33, "column": 11 },
                    "end": { "line": 53, "column": 5 }
                },
                "type": "if",
                "locations": [
                    { "start": { "line": 33, "column": 11 }, "end": { "line": 53, "column": 5 } },
                    { "start": { "line": 37, "column": 11 }, "end": { "line": 53, "column": 5 } }
                ],
                "line": 33
            },
            "4": {
                "loc": {
                    "start": { "line": 37, "column": 11 },
                    "end": { "line": 53, "column": 5 }
                },
                "type": "if",
                "locations": [
                    { "start": { "line": 37, "column": 11 }, "end": { "line": 53, "column": 5 } },
                    { "start": { "line": 41, "column": 11 }, "end": { "line": 53, "column": 5 } }
                ],
                "line": 37
            },
            "5": {
                "loc": {
                    "start": { "line": 41, "column": 11 },
                    "end": { "line": 53, "column": 5 }
                },
                "type": "if",
                "locations": [
                    { "start": { "line": 41, "column": 11 }, "end": { "line": 53, "column": 5 } },
                    { "start": { "line": 44, "column": 11 }, "end": { "line": 53, "column": 5 } }
                ],
                "line": 41
            },
            "6": {
                "loc": {
                    "start": { "line": 44, "column": 11 },
                    "end": { "line": 53, "column": 5 }
                },
                "type": "if",
                "locations": [
                    { "start": { "line": 44, "column": 11 }, "end": { "line": 53, "column": 5 } },
                    { "start": { "line": 47, "column": 11 }, "end": { "line": 53, "column": 5 } }
                ],
                "line": 44
            },
            "7": {
                "loc": {
                    "start": { "line": 47, "column": 11 },
                    "end": { "line": 53, "column": 5 }
                },
                "type": "if",
                "locations": [
                    { "start": { "line": 47, "column": 11 }, "end": { "line": 53, "column": 5 } },
                    { "start": { "line": 50, "column": 11 }, "end": { "line": 53, "column": 5 } }
                ],
                "line": 47
            },
            "8": {
                "loc": {
                    "start": { "line": 50, "column": 11 },
                    "end": { "line": 53, "column": 5 }
                },
                "type": "if",
                "locations": [
                    { "start": { "line": 50, "column": 11 }, "end": { "line": 53, "column": 5 } },
                    { "start": {}, "end": {} }
                ],
                "line": 50
            },
            "9": {
                "loc": { "start": { "line": 66, "column": 8 }, "end": { "line": 70, "column": 9 } },
                "type": "if",
                "locations": [
                    { "start": { "line": 66, "column": 8 }, "end": { "line": 70, "column": 9 } },
                    { "start": {}, "end": {} }
                ],
                "line": 66
            },
            "10": {
                "loc": {
                    "start": { "line": 68, "column": 24 },
                    "end": { "line": 68, "column": 53 }
                },
                "type": "cond-expr",
                "locations": [
                    { "start": { "line": 68, "column": 35 }, "end": { "line": 68, "column": 42 } },
                    { "start": { "line": 68, "column": 45 }, "end": { "line": 68, "column": 53 } }
                ],
                "line": 68
            },
            "11": {
                "loc": {
                    "start": { "line": 112, "column": 12 },
                    "end": { "line": 122, "column": 13 }
                },
                "type": "if",
                "locations": [
                    {
                        "start": { "line": 112, "column": 12 },
                        "end": { "line": 122, "column": 13 }
                    },
                    { "start": { "line": 115, "column": 19 }, "end": { "line": 122, "column": 13 } }
                ],
                "line": 112
            },
            "12": {
                "loc": {
                    "start": { "line": 115, "column": 19 },
                    "end": { "line": 122, "column": 13 }
                },
                "type": "if",
                "locations": [
                    {
                        "start": { "line": 115, "column": 19 },
                        "end": { "line": 122, "column": 13 }
                    },
                    { "start": {}, "end": {} }
                ],
                "line": 115
            },
            "13": {
                "loc": {
                    "start": { "line": 118, "column": 16 },
                    "end": { "line": 121, "column": 17 }
                },
                "type": "if",
                "locations": [
                    {
                        "start": { "line": 118, "column": 16 },
                        "end": { "line": 121, "column": 17 }
                    },
                    { "start": {}, "end": {} }
                ],
                "line": 118
            },
            "14": {
                "loc": {
                    "start": { "line": 127, "column": 12 },
                    "end": { "line": 137, "column": 13 }
                },
                "type": "if",
                "locations": [
                    {
                        "start": { "line": 127, "column": 12 },
                        "end": { "line": 137, "column": 13 }
                    },
                    { "start": {}, "end": {} }
                ],
                "line": 127
            },
            "15": {
                "loc": {
                    "start": { "line": 131, "column": 24 },
                    "end": { "line": 134, "column": 25 }
                },
                "type": "if",
                "locations": [
                    {
                        "start": { "line": 131, "column": 24 },
                        "end": { "line": 134, "column": 25 }
                    },
                    { "start": {}, "end": {} }
                ],
                "line": 131
            },
            "16": {
                "loc": {
                    "start": { "line": 145, "column": 12 },
                    "end": { "line": 148, "column": 13 }
                },
                "type": "if",
                "locations": [
                    {
                        "start": { "line": 145, "column": 12 },
                        "end": { "line": 148, "column": 13 }
                    },
                    { "start": {}, "end": {} }
                ],
                "line": 145
            },
            "17": {
                "loc": {
                    "start": { "line": 152, "column": 12 },
                    "end": { "line": 155, "column": 13 }
                },
                "type": "if",
                "locations": [
                    {
                        "start": { "line": 152, "column": 12 },
                        "end": { "line": 155, "column": 13 }
                    },
                    { "start": {}, "end": {} }
                ],
                "line": 152
            },
            "18": {
                "loc": {
                    "start": { "line": 159, "column": 12 },
                    "end": { "line": 170, "column": 13 }
                },
                "type": "if",
                "locations": [
                    {
                        "start": { "line": 159, "column": 12 },
                        "end": { "line": 170, "column": 13 }
                    },
                    { "start": {}, "end": {} }
                ],
                "line": 159
            },
            "19": {
                "loc": {
                    "start": { "line": 162, "column": 16 },
                    "end": { "line": 166, "column": 17 }
                },
                "type": "if",
                "locations": [
                    {
                        "start": { "line": 162, "column": 16 },
                        "end": { "line": 166, "column": 17 }
                    },
                    { "start": {}, "end": {} }
                ],
                "line": 162
            },
            "20": {
                "loc": {
                    "start": { "line": 174, "column": 12 },
                    "end": { "line": 178, "column": 13 }
                },
                "type": "if",
                "locations": [
                    {
                        "start": { "line": 174, "column": 12 },
                        "end": { "line": 178, "column": 13 }
                    },
                    { "start": {}, "end": {} }
                ],
                "line": 174
            },
            "21": {
                "loc": {
                    "start": { "line": 194, "column": 34 },
                    "end": { "line": 194, "column": 67 }
                },
                "type": "binary-expr",
                "locations": [
                    {
                        "start": { "line": 194, "column": 34 },
                        "end": { "line": 194, "column": 48 }
                    },
                    { "start": { "line": 194, "column": 52 }, "end": { "line": 194, "column": 67 } }
                ],
                "line": 194
            },
            "22": {
                "loc": {
                    "start": { "line": 197, "column": 16 },
                    "end": { "line": 199, "column": 17 }
                },
                "type": "if",
                "locations": [
                    {
                        "start": { "line": 197, "column": 16 },
                        "end": { "line": 199, "column": 17 }
                    },
                    { "start": {}, "end": {} }
                ],
                "line": 197
            },
            "23": {
                "loc": {
                    "start": { "line": 197, "column": 20 },
                    "end": { "line": 197, "column": 45 }
                },
                "type": "binary-expr",
                "locations": [
                    {
                        "start": { "line": 197, "column": 20 },
                        "end": { "line": 197, "column": 30 }
                    },
                    { "start": { "line": 197, "column": 34 }, "end": { "line": 197, "column": 45 } }
                ],
                "line": 197
            },
            "24": {
                "loc": {
                    "start": { "line": 203, "column": 20 },
                    "end": { "line": 205, "column": 76 }
                },
                "type": "binary-expr",
                "locations": [
                    {
                        "start": { "line": 203, "column": 20 },
                        "end": { "line": 203, "column": 32 }
                    },
                    {
                        "start": { "line": 204, "column": 20 },
                        "end": { "line": 204, "column": 42 }
                    },
                    { "start": { "line": 205, "column": 20 }, "end": { "line": 205, "column": 76 } }
                ],
                "line": 203
            },
            "25": {
                "loc": {
                    "start": { "line": 207, "column": 16 },
                    "end": { "line": 209, "column": 17 }
                },
                "type": "if",
                "locations": [
                    {
                        "start": { "line": 207, "column": 16 },
                        "end": { "line": 209, "column": 17 }
                    },
                    { "start": {}, "end": {} }
                ],
                "line": 207
            },
            "26": {
                "loc": {
                    "start": { "line": 217, "column": 16 },
                    "end": { "line": 223, "column": 17 }
                },
                "type": "if",
                "locations": [
                    {
                        "start": { "line": 217, "column": 16 },
                        "end": { "line": 223, "column": 17 }
                    },
                    { "start": {}, "end": {} }
                ],
                "line": 217
            },
            "27": {
                "loc": {
                    "start": { "line": 222, "column": 35 },
                    "end": { "line": 222, "column": 66 }
                },
                "type": "binary-expr",
                "locations": [
                    {
                        "start": { "line": 222, "column": 35 },
                        "end": { "line": 222, "column": 47 }
                    },
                    { "start": { "line": 222, "column": 51 }, "end": { "line": 222, "column": 66 } }
                ],
                "line": 222
            },
            "28": {
                "loc": {
                    "start": { "line": 225, "column": 16 },
                    "end": { "line": 227, "column": 17 }
                },
                "type": "if",
                "locations": [
                    {
                        "start": { "line": 225, "column": 16 },
                        "end": { "line": 227, "column": 17 }
                    },
                    { "start": {}, "end": {} }
                ],
                "line": 225
            },
            "29": {
                "loc": {
                    "start": { "line": 231, "column": 41 },
                    "end": { "line": 231, "column": 96 }
                },
                "type": "binary-expr",
                "locations": [
                    {
                        "start": { "line": 231, "column": 41 },
                        "end": { "line": 231, "column": 48 }
                    },
                    { "start": { "line": 231, "column": 52 }, "end": { "line": 231, "column": 96 } }
                ],
                "line": 231
            },
            "30": {
                "loc": {
                    "start": { "line": 233, "column": 16 },
                    "end": { "line": 235, "column": 17 }
                },
                "type": "if",
                "locations": [
                    {
                        "start": { "line": 233, "column": 16 },
                        "end": { "line": 235, "column": 17 }
                    },
                    { "start": {}, "end": {} }
                ],
                "line": 233
            },
            "31": {
                "loc": {
                    "start": { "line": 238, "column": 39 },
                    "end": { "line": 238, "column": 73 }
                },
                "type": "binary-expr",
                "locations": [
                    {
                        "start": { "line": 238, "column": 39 },
                        "end": { "line": 238, "column": 46 }
                    },
                    { "start": { "line": 238, "column": 50 }, "end": { "line": 238, "column": 73 } }
                ],
                "line": 238
            },
            "32": {
                "loc": {
                    "start": { "line": 240, "column": 16 },
                    "end": { "line": 243, "column": 17 }
                },
                "type": "if",
                "locations": [
                    {
                        "start": { "line": 240, "column": 16 },
                        "end": { "line": 243, "column": 17 }
                    },
                    { "start": {}, "end": {} }
                ],
                "line": 240
            },
            "33": {
                "loc": {
                    "start": { "line": 241, "column": 20 },
                    "end": { "line": 241, "column": 57 }
                },
                "type": "if",
                "locations": [
                    {
                        "start": { "line": 241, "column": 20 },
                        "end": { "line": 241, "column": 57 }
                    },
                    { "start": {}, "end": {} }
                ],
                "line": 241
            },
            "34": {
                "loc": {
                    "start": { "line": 251, "column": 12 },
                    "end": { "line": 254, "column": 13 }
                },
                "type": "if",
                "locations": [
                    {
                        "start": { "line": 251, "column": 12 },
                        "end": { "line": 254, "column": 13 }
                    },
                    { "start": {}, "end": {} }
                ],
                "line": 251
            },
            "35": {
                "loc": {
                    "start": { "line": 257, "column": 12 },
                    "end": { "line": 257, "column": 38 }
                },
                "type": "if",
                "locations": [
                    {
                        "start": { "line": 257, "column": 12 },
                        "end": { "line": 257, "column": 38 }
                    },
                    { "start": {}, "end": {} }
                ],
                "line": 257
            },
            "36": {
                "loc": {
                    "start": { "line": 262, "column": 12 },
                    "end": { "line": 268, "column": 13 }
                },
                "type": "if",
                "locations": [
                    {
                        "start": { "line": 262, "column": 12 },
                        "end": { "line": 268, "column": 13 }
                    },
                    { "start": {}, "end": {} }
                ],
                "line": 262
            },
            "37": {
                "loc": {
                    "start": { "line": 275, "column": 16 },
                    "end": { "line": 277, "column": 17 }
                },
                "type": "if",
                "locations": [
                    {
                        "start": { "line": 275, "column": 16 },
                        "end": { "line": 277, "column": 17 }
                    },
                    { "start": {}, "end": {} }
                ],
                "line": 275
            },
            "38": {
                "loc": {
                    "start": { "line": 280, "column": 16 },
                    "end": { "line": 307, "column": 17 }
                },
                "type": "if",
                "locations": [
                    {
                        "start": { "line": 280, "column": 16 },
                        "end": { "line": 307, "column": 17 }
                    },
                    { "start": {}, "end": {} }
                ],
                "line": 280
            },
            "39": {
                "loc": {
                    "start": { "line": 301, "column": 24 },
                    "end": { "line": 305, "column": 25 }
                },
                "type": "if",
                "locations": [
                    {
                        "start": { "line": 301, "column": 24 },
                        "end": { "line": 305, "column": 25 }
                    },
                    { "start": { "line": 303, "column": 31 }, "end": { "line": 305, "column": 25 } }
                ],
                "line": 301
            },
            "40": {
                "loc": {
                    "start": { "line": 314, "column": 12 },
                    "end": { "line": 316, "column": 13 }
                },
                "type": "if",
                "locations": [
                    {
                        "start": { "line": 314, "column": 12 },
                        "end": { "line": 316, "column": 13 }
                    },
                    { "start": {}, "end": {} }
                ],
                "line": 314
            },
            "41": {
                "loc": {
                    "start": { "line": 321, "column": 16 },
                    "end": { "line": 325, "column": 17 }
                },
                "type": "if",
                "locations": [
                    {
                        "start": { "line": 321, "column": 16 },
                        "end": { "line": 325, "column": 17 }
                    },
                    { "start": { "line": 323, "column": 23 }, "end": { "line": 325, "column": 17 } }
                ],
                "line": 321
            },
            "42": {
                "loc": {
                    "start": { "line": 334, "column": 12 },
                    "end": { "line": 336, "column": 13 }
                },
                "type": "if",
                "locations": [
                    {
                        "start": { "line": 334, "column": 12 },
                        "end": { "line": 336, "column": 13 }
                    },
                    { "start": {}, "end": {} }
                ],
                "line": 334
            },
            "43": {
                "loc": {
                    "start": { "line": 360, "column": 34 },
                    "end": { "line": 360, "column": 67 }
                },
                "type": "binary-expr",
                "locations": [
                    {
                        "start": { "line": 360, "column": 34 },
                        "end": { "line": 360, "column": 48 }
                    },
                    { "start": { "line": 360, "column": 52 }, "end": { "line": 360, "column": 67 } }
                ],
                "line": 360
            },
            "44": {
                "loc": {
                    "start": { "line": 364, "column": 16 },
                    "end": { "line": 366, "column": 17 }
                },
                "type": "if",
                "locations": [
                    {
                        "start": { "line": 364, "column": 16 },
                        "end": { "line": 366, "column": 17 }
                    },
                    { "start": {}, "end": {} }
                ],
                "line": 364
            },
            "45": {
                "loc": {
                    "start": { "line": 364, "column": 20 },
                    "end": { "line": 364, "column": 45 }
                },
                "type": "binary-expr",
                "locations": [
                    {
                        "start": { "line": 364, "column": 20 },
                        "end": { "line": 364, "column": 30 }
                    },
                    { "start": { "line": 364, "column": 34 }, "end": { "line": 364, "column": 45 } }
                ],
                "line": 364
            },
            "46": {
                "loc": {
                    "start": { "line": 370, "column": 20 },
                    "end": { "line": 372, "column": 76 }
                },
                "type": "binary-expr",
                "locations": [
                    {
                        "start": { "line": 370, "column": 20 },
                        "end": { "line": 370, "column": 32 }
                    },
                    {
                        "start": { "line": 371, "column": 20 },
                        "end": { "line": 371, "column": 42 }
                    },
                    { "start": { "line": 372, "column": 20 }, "end": { "line": 372, "column": 76 } }
                ],
                "line": 370
            },
            "47": {
                "loc": {
                    "start": { "line": 374, "column": 16 },
                    "end": { "line": 376, "column": 17 }
                },
                "type": "if",
                "locations": [
                    {
                        "start": { "line": 374, "column": 16 },
                        "end": { "line": 376, "column": 17 }
                    },
                    { "start": {}, "end": {} }
                ],
                "line": 374
            },
            "48": {
                "loc": {
                    "start": { "line": 384, "column": 16 },
                    "end": { "line": 397, "column": 17 }
                },
                "type": "if",
                "locations": [
                    {
                        "start": { "line": 384, "column": 16 },
                        "end": { "line": 397, "column": 17 }
                    },
                    { "start": {}, "end": {} }
                ],
                "line": 384
            },
            "49": {
                "loc": {
                    "start": { "line": 391, "column": 20 },
                    "end": { "line": 396, "column": 21 }
                },
                "type": "if",
                "locations": [
                    {
                        "start": { "line": 391, "column": 20 },
                        "end": { "line": 396, "column": 21 }
                    },
                    { "start": {}, "end": {} }
                ],
                "line": 391
            },
            "50": {
                "loc": {
                    "start": { "line": 391, "column": 24 },
                    "end": { "line": 391, "column": 55 }
                },
                "type": "binary-expr",
                "locations": [
                    {
                        "start": { "line": 391, "column": 24 },
                        "end": { "line": 391, "column": 36 }
                    },
                    { "start": { "line": 391, "column": 40 }, "end": { "line": 391, "column": 55 } }
                ],
                "line": 391
            },
            "51": {
                "loc": {
                    "start": { "line": 401, "column": 16 },
                    "end": { "line": 404, "column": 17 }
                },
                "type": "if",
                "locations": [
                    {
                        "start": { "line": 401, "column": 16 },
                        "end": { "line": 404, "column": 17 }
                    },
                    { "start": {}, "end": {} }
                ],
                "line": 401
            },
            "52": {
                "loc": {
                    "start": { "line": 401, "column": 20 },
                    "end": { "line": 401, "column": 75 }
                },
                "type": "binary-expr",
                "locations": [
                    {
                        "start": { "line": 401, "column": 20 },
                        "end": { "line": 401, "column": 27 }
                    },
                    { "start": { "line": 401, "column": 31 }, "end": { "line": 401, "column": 75 } }
                ],
                "line": 401
            },
            "53": {
                "loc": {
                    "start": { "line": 409, "column": 12 },
                    "end": { "line": 454, "column": 13 }
                },
                "type": "if",
                "locations": [
                    {
                        "start": { "line": 409, "column": 12 },
                        "end": { "line": 454, "column": 13 }
                    },
                    { "start": {}, "end": {} }
                ],
                "line": 409
            },
            "54": {
                "loc": {
                    "start": { "line": 414, "column": 20 },
                    "end": { "line": 416, "column": 69 }
                },
                "type": "binary-expr",
                "locations": [
                    {
                        "start": { "line": 414, "column": 20 },
                        "end": { "line": 416, "column": 21 }
                    },
                    { "start": { "line": 416, "column": 25 }, "end": { "line": 416, "column": 69 } }
                ],
                "line": 414
            },
            "55": {
                "loc": {
                    "start": { "line": 418, "column": 16 },
                    "end": { "line": 421, "column": 17 }
                },
                "type": "if",
                "locations": [
                    {
                        "start": { "line": 418, "column": 16 },
                        "end": { "line": 421, "column": 17 }
                    },
                    { "start": {}, "end": {} }
                ],
                "line": 418
            },
            "56": {
                "loc": {
                    "start": { "line": 424, "column": 16 },
                    "end": { "line": 437, "column": 17 }
                },
                "type": "if",
                "locations": [
                    {
                        "start": { "line": 424, "column": 16 },
                        "end": { "line": 437, "column": 17 }
                    },
                    { "start": {}, "end": {} }
                ],
                "line": 424
            },
            "57": {
                "loc": {
                    "start": { "line": 430, "column": 24 },
                    "end": { "line": 434, "column": 25 }
                },
                "type": "if",
                "locations": [
                    {
                        "start": { "line": 430, "column": 24 },
                        "end": { "line": 434, "column": 25 }
                    },
                    { "start": { "line": 432, "column": 31 }, "end": { "line": 434, "column": 25 } }
                ],
                "line": 430
            },
            "58": {
                "loc": {
                    "start": { "line": 444, "column": 16 },
                    "end": { "line": 447, "column": 17 }
                },
                "type": "if",
                "locations": [
                    {
                        "start": { "line": 444, "column": 16 },
                        "end": { "line": 447, "column": 17 }
                    },
                    { "start": {}, "end": {} }
                ],
                "line": 444
            },
            "59": {
                "loc": {
                    "start": { "line": 463, "column": 20 },
                    "end": { "line": 466, "column": 51 }
                },
                "type": "binary-expr",
                "locations": [
                    {
                        "start": { "line": 463, "column": 20 },
                        "end": { "line": 463, "column": 33 }
                    },
                    {
                        "start": { "line": 464, "column": 20 },
                        "end": { "line": 464, "column": 34 }
                    },
                    {
                        "start": { "line": 465, "column": 20 },
                        "end": { "line": 465, "column": 53 }
                    },
                    { "start": { "line": 466, "column": 20 }, "end": { "line": 466, "column": 51 } }
                ],
                "line": 463
            },
            "60": {
                "loc": {
                    "start": { "line": 468, "column": 16 },
                    "end": { "line": 473, "column": 17 }
                },
                "type": "if",
                "locations": [
                    {
                        "start": { "line": 468, "column": 16 },
                        "end": { "line": 473, "column": 17 }
                    },
                    { "start": {}, "end": {} }
                ],
                "line": 468
            },
            "61": {
                "loc": {
                    "start": { "line": 478, "column": 32 },
                    "end": { "line": 482, "column": 35 }
                },
                "type": "cond-expr",
                "locations": [
                    {
                        "start": { "line": 479, "column": 22 },
                        "end": { "line": 479, "column": 43 }
                    },
                    { "start": { "line": 480, "column": 22 }, "end": { "line": 482, "column": 35 } }
                ],
                "line": 478
            },
            "62": {
                "loc": {
                    "start": { "line": 480, "column": 22 },
                    "end": { "line": 482, "column": 35 }
                },
                "type": "cond-expr",
                "locations": [
                    {
                        "start": { "line": 481, "column": 26 },
                        "end": { "line": 481, "column": 45 }
                    },
                    { "start": { "line": 482, "column": 26 }, "end": { "line": 482, "column": 35 } }
                ],
                "line": 480
            },
            "63": {
                "loc": {
                    "start": { "line": 486, "column": 16 },
                    "end": { "line": 489, "column": 17 }
                },
                "type": "if",
                "locations": [
                    {
                        "start": { "line": 486, "column": 16 },
                        "end": { "line": 489, "column": 17 }
                    },
                    { "start": {}, "end": {} }
                ],
                "line": 486
            },
            "64": {
                "loc": {
                    "start": { "line": 492, "column": 16 },
                    "end": { "line": 498, "column": 17 }
                },
                "type": "if",
                "locations": [
                    {
                        "start": { "line": 492, "column": 16 },
                        "end": { "line": 498, "column": 17 }
                    },
                    { "start": { "line": 495, "column": 23 }, "end": { "line": 498, "column": 17 } }
                ],
                "line": 492
            },
            "65": {
                "loc": {
                    "start": { "line": 511, "column": 20 },
                    "end": { "line": 515, "column": 21 }
                },
                "type": "if",
                "locations": [
                    {
                        "start": { "line": 511, "column": 20 },
                        "end": { "line": 515, "column": 21 }
                    },
                    { "start": { "line": 513, "column": 27 }, "end": { "line": 515, "column": 21 } }
                ],
                "line": 511
            },
            "66": {
                "loc": {
                    "start": { "line": 551, "column": 8 },
                    "end": { "line": 579, "column": 9 }
                },
                "type": "if",
                "locations": [
                    { "start": { "line": 551, "column": 8 }, "end": { "line": 579, "column": 9 } },
                    { "start": { "line": 574, "column": 15 }, "end": { "line": 579, "column": 9 } }
                ],
                "line": 551
            }
        },
        "s": {
            "0": 0,
            "1": 0,
            "2": 0,
            "3": 0,
            "4": 0,
            "5": 0,
            "6": 0,
            "7": 0,
            "8": 0,
            "9": 0,
            "10": 0,
            "11": 0,
            "12": 0,
            "13": 0,
            "14": 0,
            "15": 0,
            "16": 0,
            "17": 0,
            "18": 0,
            "19": 0,
            "20": 0,
            "21": 0,
            "22": 0,
            "23": 0,
            "24": 0,
            "25": 0,
            "26": 0,
            "27": 0,
            "28": 0,
            "29": 0,
            "30": 0,
            "31": 0,
            "32": 0,
            "33": 0,
            "34": 0,
            "35": 0,
            "36": 0,
            "37": 0,
            "38": 0,
            "39": 0,
            "40": 0,
            "41": 0,
            "42": 0,
            "43": 0,
            "44": 0,
            "45": 0,
            "46": 0,
            "47": 0,
            "48": 0,
            "49": 0,
            "50": 0,
            "51": 0,
            "52": 0,
            "53": 0,
            "54": 0,
            "55": 0,
            "56": 0,
            "57": 0,
            "58": 0,
            "59": 0,
            "60": 0,
            "61": 0,
            "62": 0,
            "63": 0,
            "64": 0,
            "65": 0,
            "66": 0,
            "67": 0,
            "68": 0,
            "69": 0,
            "70": 0,
            "71": 0,
            "72": 0,
            "73": 0,
            "74": 0,
            "75": 0,
            "76": 0,
            "77": 0,
            "78": 0,
            "79": 0,
            "80": 0,
            "81": 0,
            "82": 0,
            "83": 0,
            "84": 0,
            "85": 0,
            "86": 0,
            "87": 0,
            "88": 0,
            "89": 0,
            "90": 0,
            "91": 0,
            "92": 0,
            "93": 0,
            "94": 0,
            "95": 0,
            "96": 0,
            "97": 0,
            "98": 0,
            "99": 0,
            "100": 0,
            "101": 0,
            "102": 0,
            "103": 0,
            "104": 0,
            "105": 0,
            "106": 0,
            "107": 0,
            "108": 0,
            "109": 0,
            "110": 0,
            "111": 0,
            "112": 0,
            "113": 0,
            "114": 0,
            "115": 0,
            "116": 0,
            "117": 0,
            "118": 0,
            "119": 0,
            "120": 0,
            "121": 0,
            "122": 0,
            "123": 0,
            "124": 0,
            "125": 0,
            "126": 0,
            "127": 0,
            "128": 0,
            "129": 0,
            "130": 0,
            "131": 0,
            "132": 0,
            "133": 0,
            "134": 0,
            "135": 0,
            "136": 0,
            "137": 0,
            "138": 0,
            "139": 0,
            "140": 0,
            "141": 0,
            "142": 0,
            "143": 0,
            "144": 0,
            "145": 0,
            "146": 0,
            "147": 0,
            "148": 0,
            "149": 0,
            "150": 0,
            "151": 0,
            "152": 0,
            "153": 0,
            "154": 0,
            "155": 0,
            "156": 0,
            "157": 0,
            "158": 0,
            "159": 0,
            "160": 0,
            "161": 0,
            "162": 0,
            "163": 0,
            "164": 0,
            "165": 0,
            "166": 0,
            "167": 0,
            "168": 0,
            "169": 0,
            "170": 0,
            "171": 0,
            "172": 0,
            "173": 0,
            "174": 0,
            "175": 0,
            "176": 0,
            "177": 0,
            "178": 0,
            "179": 0,
            "180": 0,
            "181": 0,
            "182": 0,
            "183": 0,
            "184": 0,
            "185": 0,
            "186": 0,
            "187": 0,
            "188": 0,
            "189": 0,
            "190": 0,
            "191": 0,
            "192": 0,
            "193": 0,
            "194": 0,
            "195": 0,
            "196": 0,
            "197": 0,
            "198": 0,
            "199": 0,
            "200": 0,
            "201": 0,
            "202": 0,
            "203": 0,
            "204": 0,
            "205": 0,
            "206": 0,
            "207": 0,
            "208": 0,
            "209": 0,
            "210": 0,
            "211": 0,
            "212": 0,
            "213": 0,
            "214": 0,
            "215": 0,
            "216": 0,
            "217": 0,
            "218": 0,
            "219": 0,
            "220": 0,
            "221": 0,
            "222": 0,
            "223": 0,
            "224": 0,
            "225": 0,
            "226": 0,
            "227": 0,
            "228": 0,
            "229": 0,
            "230": 0,
            "231": 0,
            "232": 0,
            "233": 0,
            "234": 0,
            "235": 0,
            "236": 0,
            "237": 0,
            "238": 0,
            "239": 0,
            "240": 0,
            "241": 0,
            "242": 0,
            "243": 0,
            "244": 0,
            "245": 0,
            "246": 0,
            "247": 0,
            "248": 0,
            "249": 0,
            "250": 0,
            "251": 0,
            "252": 0,
            "253": 0,
            "254": 0,
            "255": 0,
            "256": 0,
            "257": 0,
            "258": 0,
            "259": 0,
            "260": 0,
            "261": 0,
            "262": 0,
            "263": 0,
            "264": 0,
            "265": 0,
            "266": 0,
            "267": 0,
            "268": 0,
            "269": 0,
            "270": 0,
            "271": 0,
            "272": 0,
            "273": 0,
            "274": 0,
            "275": 0,
            "276": 0,
            "277": 0,
            "278": 0,
            "279": 0,
            "280": 0,
            "281": 0,
            "282": 0,
            "283": 0,
            "284": 0,
            "285": 0,
            "286": 0,
            "287": 0,
            "288": 0,
            "289": 0,
            "290": 0,
            "291": 0,
            "292": 0,
            "293": 0,
            "294": 0,
            "295": 0,
            "296": 0
        },
        "f": {
            "0": 0,
            "1": 0,
            "2": 0,
            "3": 0,
            "4": 0,
            "5": 0,
            "6": 0,
            "7": 0,
            "8": 0,
            "9": 0,
            "10": 0,
            "11": 0,
            "12": 0,
            "13": 0,
            "14": 0,
            "15": 0,
            "16": 0,
            "17": 0,
            "18": 0,
            "19": 0,
            "20": 0,
            "21": 0,
            "22": 0,
            "23": 0,
            "24": 0,
            "25": 0,
            "26": 0,
            "27": 0,
            "28": 0
        },
        "b": {
            "0": [0, 0],
            "1": [0, 0],
            "2": [0, 0],
            "3": [0, 0],
            "4": [0, 0],
            "5": [0, 0],
            "6": [0, 0],
            "7": [0, 0],
            "8": [0, 0],
            "9": [0, 0],
            "10": [0, 0],
            "11": [0, 0],
            "12": [0, 0],
            "13": [0, 0],
            "14": [0, 0],
            "15": [0, 0],
            "16": [0, 0],
            "17": [0, 0],
            "18": [0, 0],
            "19": [0, 0],
            "20": [0, 0],
            "21": [0, 0],
            "22": [0, 0],
            "23": [0, 0],
            "24": [0, 0, 0],
            "25": [0, 0],
            "26": [0, 0],
            "27": [0, 0],
            "28": [0, 0],
            "29": [0, 0],
            "30": [0, 0],
            "31": [0, 0],
            "32": [0, 0],
            "33": [0, 0],
            "34": [0, 0],
            "35": [0, 0],
            "36": [0, 0],
            "37": [0, 0],
            "38": [0, 0],
            "39": [0, 0],
            "40": [0, 0],
            "41": [0, 0],
            "42": [0, 0],
            "43": [0, 0],
            "44": [0, 0],
            "45": [0, 0],
            "46": [0, 0, 0],
            "47": [0, 0],
            "48": [0, 0],
            "49": [0, 0],
            "50": [0, 0],
            "51": [0, 0],
            "52": [0, 0],
            "53": [0, 0],
            "54": [0, 0],
            "55": [0, 0],
            "56": [0, 0],
            "57": [0, 0],
            "58": [0, 0],
            "59": [0, 0, 0, 0],
            "60": [0, 0],
            "61": [0, 0],
            "62": [0, 0],
            "63": [0, 0],
            "64": [0, 0],
            "65": [0, 0],
            "66": [0, 0]
        }
    }
}
