TN:
SF:popup.js
FN:16,(anonymous_0)
FN:61,(anonymous_1)
FN:65,(anonymous_2)
FN:75,(anonymous_3)
FN:83,(anonymous_4)
FN:99,(anonymous_5)
FN:111,(anonymous_6)
FN:126,waitForResume
FN:129,(anonymous_8)
FN:130,(anonymous_9)
FN:140,getOfferIdentifier
FN:184,countClickableButtons
FN:191,(anonymous_12)
FN:250,switchToNextAccount
FN:274,(anonymous_14)
FN:287,(anonymous_15)
FN:313,(anonymous_16)
FN:320,(anonymous_17)
FN:333,(anonymous_18)
FN:345,(anonymous_19)
FN:348,(anonymous_20)
FN:355,(anonymous_21)
FN:429,(anonymous_22)
FN:472,(anonymous_23)
FN:510,(anonymous_24)
FN:533,(anonymous_25)
FN:550,(anonymous_26)
FN:563,(anonymous_27)
FN:568,(anonymous_28)
FNF:29
FNH:0
FNDA:0,(anonymous_0)
FNDA:0,(anonymous_1)
FNDA:0,(anonymous_2)
FNDA:0,(anonymous_3)
FNDA:0,(anonymous_4)
FNDA:0,(anonymous_5)
FNDA:0,(anonymous_6)
FNDA:0,waitForResume
FNDA:0,(anonymous_8)
FNDA:0,(anonymous_9)
FNDA:0,getOfferIdentifier
FNDA:0,countClickableButtons
FNDA:0,(anonymous_12)
FNDA:0,switchToNextAccount
FNDA:0,(anonymous_14)
FNDA:0,(anonymous_15)
FNDA:0,(anonymous_16)
FNDA:0,(anonymous_17)
FNDA:0,(anonymous_18)
FNDA:0,(anonymous_19)
FNDA:0,(anonymous_20)
FNDA:0,(anonymous_21)
FNDA:0,(anonymous_22)
FNDA:0,(anonymous_23)
FNDA:0,(anonymous_24)
FNDA:0,(anonymous_25)
FNDA:0,(anonymous_26)
FNDA:0,(anonymous_27)
FNDA:0,(anonymous_28)
DA:1,0
DA:2,0
DA:5,0
DA:6,0
DA:7,0
DA:8,0
DA:9,0
DA:10,0
DA:12,0
DA:16,0
DA:17,0
DA:20,0
DA:21,0
DA:22,0
DA:24,0
DA:25,0
DA:26,0
DA:27,0
DA:28,0
DA:29,0
DA:30,0
DA:32,0
DA:33,0
DA:34,0
DA:35,0
DA:36,0
DA:37,0
DA:38,0
DA:39,0
DA:40,0
DA:41,0
DA:42,0
DA:43,0
DA:44,0
DA:45,0
DA:46,0
DA:47,0
DA:48,0
DA:49,0
DA:50,0
DA:51,0
DA:52,0
DA:57,0
DA:61,0
DA:62,0
DA:65,0
DA:66,0
DA:67,0
DA:75,0
DA:76,0
DA:77,0
DA:78,0
DA:79,0
DA:83,0
DA:85,0
DA:87,0
DA:92,0
DA:93,0
DA:94,0
DA:97,0
DA:98,0
DA:99,0
DA:102,0
DA:103,0
DA:104,0
DA:105,0
DA:106,0
DA:107,0
DA:108,0
DA:111,0
DA:112,0
DA:113,0
DA:114,0
DA:115,0
DA:116,0
DA:117,0
DA:118,0
DA:119,0
DA:120,0
DA:123,0
DA:127,0
DA:128,0
DA:129,0
DA:130,0
DA:131,0
DA:132,0
DA:133,0
DA:142,0
DA:145,0
DA:146,0
DA:147,0
DA:151,0
DA:152,0
DA:153,0
DA:154,0
DA:158,0
DA:159,0
DA:161,0
DA:162,0
DA:163,0
DA:164,0
DA:165,0
DA:168,0
DA:169,0
DA:173,0
DA:174,0
DA:175,0
DA:176,0
DA:177,0
DA:180,0
DA:181,0
DA:185,0
DA:186,0
DA:188,0
DA:189,0
DA:191,0
DA:192,0
DA:193,0
DA:194,0
DA:197,0
DA:198,0
DA:201,0
DA:203,0
DA:207,0
DA:208,0
DA:212,0
DA:216,0
DA:217,0
DA:218,0
DA:219,0
DA:222,0
DA:225,0
DA:226,0
DA:230,0
DA:231,0
DA:233,0
DA:234,0
DA:238,0
DA:240,0
DA:241,0
DA:242,0
DA:246,0
DA:247,0
DA:251,0
DA:252,0
DA:253,0
DA:256,0
DA:257,0
DA:259,0
DA:260,0
DA:262,0
DA:263,0
DA:267,0
DA:271,0
DA:274,0
DA:275,0
DA:276,0
DA:279,0
DA:280,0
DA:281,0
DA:284,0
DA:287,0
DA:289,0
DA:290,0
DA:293,0
DA:294,0
DA:296,0
DA:301,0
DA:302,0
DA:304,0
DA:310,0
DA:313,0
DA:314,0
DA:315,0
DA:318,0
DA:319,0
DA:320,0
DA:321,0
DA:322,0
DA:324,0
DA:329,0
DA:330,0
DA:331,0
DA:333,0
DA:334,0
DA:335,0
DA:338,0
DA:341,0
DA:342,0
DA:345,0
DA:346,0
DA:348,0
DA:349,0
DA:351,0
DA:355,0
DA:356,0
DA:359,0
DA:360,0
DA:364,0
DA:365,0
DA:368,0
DA:370,0
DA:374,0
DA:375,0
DA:380,0
DA:384,0
DA:385,0
DA:386,0
DA:391,0
DA:392,0
DA:395,0
DA:400,0
DA:401,0
DA:402,0
DA:403,0
DA:406,0
DA:409,0
DA:410,0
DA:414,0
DA:418,0
DA:419,0
DA:420,0
DA:424,0
DA:425,0
DA:426,0
DA:429,0
DA:430,0
DA:431,0
DA:433,0
DA:436,0
DA:440,0
DA:441,0
DA:444,0
DA:445,0
DA:446,0
DA:449,0
DA:453,0
DA:457,0
DA:459,0
DA:461,0
DA:463,0
DA:468,0
DA:469,0
DA:470,0
DA:472,0
DA:476,0
DA:477,0
DA:478,0
DA:485,0
DA:486,0
DA:487,0
DA:488,0
DA:491,0
DA:492,0
DA:493,0
DA:494,0
DA:496,0
DA:497,0
DA:501,0
DA:502,0
DA:505,0
DA:510,0
DA:511,0
DA:512,0
DA:514,0
DA:518,0
DA:519,0
DA:527,0
DA:530,0
DA:533,0
DA:535,0
DA:536,0
DA:538,0
DA:543,0
DA:544,0
DA:550,0
DA:551,0
DA:552,0
DA:553,0
DA:554,0
DA:555,0
DA:558,0
DA:564,0
DA:569,0
DA:570,0
DA:571,0
DA:572,0
DA:575,0
DA:576,0
DA:577,0
DA:578,0
DA:584,0
DA:585,0
LF:293
LH:0
BRDA:20,0,0,0
BRDA:20,0,1,0
BRDA:25,1,0,0
BRDA:25,1,1,0
BRDA:28,2,0,0
BRDA:28,2,1,0
BRDA:33,3,0,0
BRDA:33,3,1,0
BRDA:37,4,0,0
BRDA:37,4,1,0
BRDA:41,5,0,0
BRDA:41,5,1,0
BRDA:44,6,0,0
BRDA:44,6,1,0
BRDA:47,7,0,0
BRDA:47,7,1,0
BRDA:50,8,0,0
BRDA:50,8,1,0
BRDA:66,9,0,0
BRDA:66,9,1,0
BRDA:68,10,0,0
BRDA:68,10,1,0
BRDA:112,11,0,0
BRDA:112,11,1,0
BRDA:115,12,0,0
BRDA:115,12,1,0
BRDA:118,13,0,0
BRDA:118,13,1,0
BRDA:127,14,0,0
BRDA:127,14,1,0
BRDA:131,15,0,0
BRDA:131,15,1,0
BRDA:145,16,0,0
BRDA:145,16,1,0
BRDA:152,17,0,0
BRDA:152,17,1,0
BRDA:159,18,0,0
BRDA:159,18,1,0
BRDA:162,19,0,0
BRDA:162,19,1,0
BRDA:174,20,0,0
BRDA:174,20,1,0
BRDA:194,21,0,0
BRDA:194,21,1,0
BRDA:197,22,0,0
BRDA:197,22,1,0
BRDA:197,23,0,0
BRDA:197,23,1,0
BRDA:203,24,0,0
BRDA:203,24,1,0
BRDA:203,24,2,0
BRDA:207,25,0,0
BRDA:207,25,1,0
BRDA:217,26,0,0
BRDA:217,26,1,0
BRDA:222,27,0,0
BRDA:222,27,1,0
BRDA:225,28,0,0
BRDA:225,28,1,0
BRDA:231,29,0,0
BRDA:231,29,1,0
BRDA:233,30,0,0
BRDA:233,30,1,0
BRDA:238,31,0,0
BRDA:238,31,1,0
BRDA:240,32,0,0
BRDA:240,32,1,0
BRDA:241,33,0,0
BRDA:241,33,1,0
BRDA:251,34,0,0
BRDA:251,34,1,0
BRDA:257,35,0,0
BRDA:257,35,1,0
BRDA:262,36,0,0
BRDA:262,36,1,0
BRDA:275,37,0,0
BRDA:275,37,1,0
BRDA:280,38,0,0
BRDA:280,38,1,0
BRDA:301,39,0,0
BRDA:301,39,1,0
BRDA:314,40,0,0
BRDA:314,40,1,0
BRDA:321,41,0,0
BRDA:321,41,1,0
BRDA:334,42,0,0
BRDA:334,42,1,0
BRDA:360,43,0,0
BRDA:360,43,1,0
BRDA:364,44,0,0
BRDA:364,44,1,0
BRDA:364,45,0,0
BRDA:364,45,1,0
BRDA:370,46,0,0
BRDA:370,46,1,0
BRDA:370,46,2,0
BRDA:374,47,0,0
BRDA:374,47,1,0
BRDA:384,48,0,0
BRDA:384,48,1,0
BRDA:391,49,0,0
BRDA:391,49,1,0
BRDA:391,50,0,0
BRDA:391,50,1,0
BRDA:401,51,0,0
BRDA:401,51,1,0
BRDA:401,52,0,0
BRDA:401,52,1,0
BRDA:409,53,0,0
BRDA:409,53,1,0
BRDA:414,54,0,0
BRDA:414,54,1,0
BRDA:418,55,0,0
BRDA:418,55,1,0
BRDA:424,56,0,0
BRDA:424,56,1,0
BRDA:430,57,0,0
BRDA:430,57,1,0
BRDA:444,58,0,0
BRDA:444,58,1,0
BRDA:463,59,0,0
BRDA:463,59,1,0
BRDA:463,59,2,0
BRDA:463,59,3,0
BRDA:468,60,0,0
BRDA:468,60,1,0
BRDA:478,61,0,0
BRDA:478,61,1,0
BRDA:480,62,0,0
BRDA:480,62,1,0
BRDA:486,63,0,0
BRDA:486,63,1,0
BRDA:492,64,0,0
BRDA:492,64,1,0
BRDA:511,65,0,0
BRDA:511,65,1,0
BRDA:551,66,0,0
BRDA:551,66,1,0
BRF:138
BRH:0
end_of_record
